2025-12-16 16:14:16 | WARNING  | main.lifespan: Database 'cloudcookbook.db' not found. Creating and Seeding...
2025-12-16 16:14:16 | INFO     | main.lifespan: --- Database creation Complete ---
2025-12-16 16:14:16 | INFO     | db_init.init_users: Users created.
2025-12-16 16:14:16 | INFO     | db_init.init_ingredients: Ingredients initialized. Added 130 new items.
2025-12-16 16:14:16 | INFO     | db_init.init_recipes: Recipes initialized. Created 4 recipes.
2025-12-16 16:14:16 | INFO     | main.lifespan: --- Database Initialization Complete ---
2025-12-16 16:16:02 | INFO     | main.lifespan: Server shutting down...
2025-12-17 00:38:17 | INFO     | main.lifespan: Database 'cloudcookbook.db' found. Skipping initialization.
2025-12-17 00:39:03 | INFO     | main.lifespan: Server shutting down...
2025-12-17 00:39:03 | INFO     | main.lifespan: Database 'cloudcookbook.db' found. Skipping initialization.
2025-12-17 00:39:27 | INFO     | main.lifespan: Server shutting down...
2025-12-17 00:39:27 | INFO     | main.lifespan: Database 'cloudcookbook.db' found. Skipping initialization.
2025-12-17 00:39:30 | INFO     | main.lifespan: Server shutting down...
2025-12-17 00:39:31 | INFO     | main.lifespan: Database 'cloudcookbook.db' found. Skipping initialization.
2025-12-17 00:39:36 | INFO     | main.lifespan: Server shutting down...
2025-12-17 00:39:45 | INFO     | main.lifespan: Database 'cloudcookbook.db' found. Skipping initialization.
2025-12-17 00:39:55 | INFO     | main.lifespan: Server shutting down...
2025-12-17 00:39:55 | INFO     | main.lifespan: Database 'cloudcookbook.db' found. Skipping initialization.
2025-12-17 00:39:59 | INFO     | main.lifespan: Server shutting down...
2025-12-17 00:40:00 | INFO     | main.lifespan: Database 'cloudcookbook.db' found. Skipping initialization.
2025-12-17 00:40:00 | INFO     | main.lifespan: Database 'cloudcookbook.db' found. Skipping initialization.
2025-12-17 00:40:29 | INFO     | actionhelper.get_cookable_recipes: Matchmaking for User 1: Found 1 cookable recipes.
2025-12-17 00:41:53 | INFO     | main.lifespan: Server shutting down...
2025-12-17 00:41:53 | INFO     | main.lifespan: Database 'cloudcookbook.db' found. Skipping initialization.
2025-12-17 00:41:55 | INFO     | main.lifespan: Server shutting down...
2025-12-17 00:41:56 | INFO     | main.lifespan: Database 'cloudcookbook.db' found. Skipping initialization.
2025-12-17 00:42:10 | INFO     | main.lifespan: Server shutting down...
2025-12-17 00:42:11 | INFO     | main.lifespan: Database 'cloudcookbook.db' found. Skipping initialization.
2025-12-17 00:42:12 | INFO     | main.lifespan: Server shutting down...
2025-12-17 00:42:12 | INFO     | main.lifespan: Database 'cloudcookbook.db' found. Skipping initialization.
2025-12-17 00:42:13 | INFO     | main.lifespan: Server shutting down...
2025-12-17 00:42:14 | INFO     | main.lifespan: Database 'cloudcookbook.db' found. Skipping initialization.
2025-12-17 00:42:18 | INFO     | main.lifespan: Server shutting down...
2025-12-17 00:42:19 | INFO     | main.lifespan: Database 'cloudcookbook.db' found. Skipping initialization.
2025-12-17 00:42:34 | INFO     | main.lifespan: Server shutting down...
2025-12-17 00:42:35 | INFO     | main.lifespan: Database 'cloudcookbook.db' found. Skipping initialization.
2025-12-17 00:42:48 | INFO     | main.lifespan: Server shutting down...
2025-12-17 00:42:49 | INFO     | main.lifespan: Database 'cloudcookbook.db' found. Skipping initialization.
2025-12-17 00:42:57 | INFO     | main.lifespan: Server shutting down...
2025-12-17 00:43:07 | INFO     | main.lifespan: Database 'cloudcookbook.db' found. Skipping initialization.
2025-12-17 00:43:10 | INFO     | main.lifespan: Server shutting down...
2025-12-17 00:43:14 | INFO     | main.lifespan: Database 'cloudcookbook.db' found. Skipping initialization.
2025-12-17 00:43:15 | INFO     | main.lifespan: Database 'cloudcookbook.db' found. Skipping initialization.
2025-12-17 00:43:20 | INFO     | actionhelper.get_cookable_recipes: Matchmaking for User 1: Found 1 cookable recipes.
2025-12-17 00:43:32 | INFO     | main.lifespan: Server shutting down...
2025-12-17 00:43:32 | INFO     | main.lifespan: Database 'cloudcookbook.db' found. Skipping initialization.
2025-12-17 00:43:36 | INFO     | main.lifespan: Server shutting down...
2025-12-17 08:44:41 | INFO     | main.lifespan: Database 'cloudcookbook.db' found. Skipping initialization.
2025-12-17 08:44:55 | INFO     | actionhelper.get_cookable_recipes: Matchmaking for User 1: Found 1 cookable recipes.
2025-12-17 08:45:11 | INFO     | main.lifespan: Server shutting down...
2025-12-17 08:45:12 | INFO     | main.lifespan: Database 'cloudcookbook.db' found. Skipping initialization.
2025-12-17 08:45:22 | INFO     | main.lifespan: Server shutting down...
2025-12-17 08:45:22 | INFO     | main.lifespan: Database 'cloudcookbook.db' found. Skipping initialization.
2025-12-17 08:45:28 | INFO     | actionhelper.cook_recipe: User 1 cooking 'classic pancakes'...
2025-12-17 08:45:28 | INFO     | actionhelper.cook_recipe: Cooking complete. Pantry updated for User 1.
2025-12-17 08:45:38 | INFO     | main.lifespan: Server shutting down...
2025-12-17 08:45:39 | INFO     | main.lifespan: Database 'cloudcookbook.db' found. Skipping initialization.
2025-12-17 08:45:46 | INFO     | main.lifespan: Server shutting down...
2025-12-17 08:45:47 | INFO     | main.lifespan: Database 'cloudcookbook.db' found. Skipping initialization.
2025-12-17 08:45:48 | INFO     | main.lifespan: Database 'cloudcookbook.db' found. Skipping initialization.
2025-12-17 08:50:16 | INFO     | main.lifespan: Server shutting down...
2025-12-17 08:50:17 | INFO     | main.lifespan: Database 'cloudcookbook.db' found. Skipping initialization.
2025-12-17 08:50:27 | INFO     | main.lifespan: Server shutting down...
2025-12-17 08:50:28 | INFO     | main.lifespan: Database 'cloudcookbook.db' found. Skipping initialization.
2025-12-17 08:50:34 | INFO     | main.lifespan: Server shutting down...
2025-12-17 08:50:34 | INFO     | main.lifespan: Database 'cloudcookbook.db' found. Skipping initialization.
2025-12-17 08:51:34 | INFO     | main.lifespan: Server shutting down...
2025-12-17 08:51:35 | INFO     | main.lifespan: Database 'cloudcookbook.db' found. Skipping initialization.
2025-12-17 08:52:02 | INFO     | main.lifespan: Server shutting down...
2025-12-17 08:52:03 | INFO     | main.lifespan: Database 'cloudcookbook.db' found. Skipping initialization.
2025-12-17 08:52:04 | INFO     | main.lifespan: Server shutting down...
2025-12-17 08:52:05 | INFO     | main.lifespan: Database 'cloudcookbook.db' found. Skipping initialization.
2025-12-17 08:52:14 | INFO     | main.lifespan: Server shutting down...
2025-12-17 08:52:14 | INFO     | main.lifespan: Database 'cloudcookbook.db' found. Skipping initialization.
2025-12-17 08:52:24 | INFO     | main.lifespan: Server shutting down...
2025-12-17 08:52:24 | INFO     | main.lifespan: Database 'cloudcookbook.db' found. Skipping initialization.
2025-12-17 08:52:34 | INFO     | main.lifespan: Server shutting down...
2025-12-17 08:52:35 | INFO     | main.lifespan: Database 'cloudcookbook.db' found. Skipping initialization.
2025-12-17 08:52:37 | INFO     | main.lifespan: Server shutting down...
2025-12-17 08:52:38 | INFO     | main.lifespan: Database 'cloudcookbook.db' found. Skipping initialization.
2025-12-17 08:52:43 | INFO     | main.lifespan: Server shutting down...
2025-12-17 08:52:43 | INFO     | main.lifespan: Database 'cloudcookbook.db' found. Skipping initialization.
2025-12-17 08:52:51 | INFO     | main.lifespan: Server shutting down...
2025-12-17 08:52:52 | INFO     | main.lifespan: Database 'cloudcookbook.db' found. Skipping initialization.
2025-12-17 08:52:54 | INFO     | main.lifespan: Server shutting down...
2025-12-17 08:52:54 | INFO     | main.lifespan: Database 'cloudcookbook.db' found. Skipping initialization.
2025-12-17 08:53:04 | INFO     | main.lifespan: Server shutting down...
2025-12-17 08:53:05 | INFO     | main.lifespan: Database 'cloudcookbook.db' found. Skipping initialization.
2025-12-17 08:53:06 | INFO     | main.lifespan: Server shutting down...
2025-12-17 08:53:07 | INFO     | main.lifespan: Database 'cloudcookbook.db' found. Skipping initialization.
2025-12-17 08:53:20 | INFO     | main.lifespan: Server shutting down...
2025-12-17 08:53:20 | INFO     | main.lifespan: Database 'cloudcookbook.db' found. Skipping initialization.
2025-12-17 08:53:43 | INFO     | main.lifespan: Server shutting down...
2025-12-17 08:53:44 | INFO     | main.lifespan: Database 'cloudcookbook.db' found. Skipping initialization.
2025-12-17 08:53:56 | INFO     | main.lifespan: Server shutting down...
2025-12-17 08:53:57 | INFO     | main.lifespan: Database 'cloudcookbook.db' found. Skipping initialization.
2025-12-17 08:54:03 | INFO     | main.lifespan: Server shutting down...
2025-12-17 08:54:04 | INFO     | main.lifespan: Database 'cloudcookbook.db' found. Skipping initialization.
2025-12-17 08:54:12 | INFO     | main.lifespan: Server shutting down...
2025-12-17 08:54:12 | INFO     | main.lifespan: Database 'cloudcookbook.db' found. Skipping initialization.
2025-12-17 08:54:40 | INFO     | main.lifespan: Server shutting down...
2025-12-17 08:54:40 | INFO     | main.lifespan: Database 'cloudcookbook.db' found. Skipping initialization.
2025-12-17 08:54:41 | INFO     | main.lifespan: Server shutting down...
2025-12-17 08:54:42 | INFO     | main.lifespan: Database 'cloudcookbook.db' found. Skipping initialization.
2025-12-17 08:54:47 | INFO     | main.lifespan: Server shutting down...
2025-12-17 08:54:47 | INFO     | main.lifespan: Database 'cloudcookbook.db' found. Skipping initialization.
2025-12-17 08:54:48 | INFO     | main.lifespan: Server shutting down...
2025-12-17 08:54:49 | INFO     | main.lifespan: Database 'cloudcookbook.db' found. Skipping initialization.
2025-12-17 08:54:50 | INFO     | main.lifespan: Server shutting down...
2025-12-17 08:54:51 | INFO     | main.lifespan: Database 'cloudcookbook.db' found. Skipping initialization.
2025-12-17 08:54:52 | INFO     | main.lifespan: Server shutting down...
2025-12-17 08:54:53 | INFO     | main.lifespan: Database 'cloudcookbook.db' found. Skipping initialization.
2025-12-17 08:54:58 | INFO     | main.lifespan: Server shutting down...
2025-12-17 08:54:59 | INFO     | main.lifespan: Database 'cloudcookbook.db' found. Skipping initialization.
2025-12-17 08:56:10 | INFO     | main.lifespan: Server shutting down...
2025-12-17 08:56:11 | INFO     | main.lifespan: Database 'cloudcookbook.db' found. Skipping initialization.
2025-12-17 08:56:25 | INFO     | main.lifespan: Server shutting down...
2025-12-17 08:56:26 | INFO     | main.lifespan: Database 'cloudcookbook.db' found. Skipping initialization.
2025-12-17 08:56:41 | INFO     | main.lifespan: Server shutting down...
2025-12-17 08:56:43 | INFO     | main.lifespan: Database 'cloudcookbook.db' found. Skipping initialization.
2025-12-17 08:56:49 | INFO     | main.lifespan: Server shutting down...
2025-12-17 08:56:49 | INFO     | main.lifespan: Database 'cloudcookbook.db' found. Skipping initialization.
2025-12-17 08:56:50 | INFO     | main.lifespan: Server shutting down...
2025-12-17 08:56:51 | INFO     | main.lifespan: Database 'cloudcookbook.db' found. Skipping initialization.
2025-12-17 08:57:03 | INFO     | main.lifespan: Server shutting down...
2025-12-17 08:57:04 | INFO     | main.lifespan: Database 'cloudcookbook.db' found. Skipping initialization.
2025-12-17 08:57:17 | INFO     | main.lifespan: Server shutting down...
2025-12-17 08:57:20 | INFO     | main.lifespan: Database 'cloudcookbook.db' found. Skipping initialization.
2025-12-17 08:57:26 | INFO     | main.lifespan: Server shutting down...
2025-12-17 08:57:27 | INFO     | main.lifespan: Database 'cloudcookbook.db' found. Skipping initialization.
2025-12-17 08:57:27 | INFO     | main.lifespan: Server shutting down...
2025-12-17 08:57:28 | INFO     | main.lifespan: Database 'cloudcookbook.db' found. Skipping initialization.
2025-12-17 08:57:28 | INFO     | main.lifespan: Server shutting down...
2025-12-17 08:57:29 | INFO     | main.lifespan: Database 'cloudcookbook.db' found. Skipping initialization.
2025-12-17 08:58:59 | INFO     | main.lifespan: Server shutting down...
2025-12-17 08:59:00 | INFO     | main.lifespan: Database 'cloudcookbook.db' found. Skipping initialization.
2025-12-17 10:00:00 | INFO     | db_item.create_item: Successfully created Item 'mushrooms' (ID: 131)
2025-12-17 10:00:00 | INFO     | db_recipe.create_recipe: Successfully created Recipe 'mushroom stew' (ID: 5)
