2025-12-16 16:14:16 | SQL_TRACE | Query: INSERT OR IGNORE INTO user (username) VALUES (?) | Params: ([('ADMIN',), ('Auren_1337',), ('Memelord_Tommy',), ('Nerd_Tubbe',)],)
2025-12-16 16:14:16 | SQL_TRACE | Query: SELECT 1 FROM items WHERE ingredient_name = ? | Params: (('almonds',),)
2025-12-16 16:14:16 | SQL_TRACE | Query: INSERT INTO items (ingredient_name) VALUES (?) | Params: (('almonds',),)
2025-12-16 16:14:16 | SQL_TRACE | Query: SELECT 1 FROM items WHERE ingredient_name = ? | Params: (('apple',),)
2025-12-16 16:14:16 | SQL_TRACE | Query: INSERT INTO items (ingredient_name) VALUES (?) | Params: (('apple',),)
2025-12-16 16:14:16 | SQL_TRACE | Query: SELECT 1 FROM items WHERE ingredient_name = ? | Params: (('asparagus',),)
2025-12-16 16:14:16 | SQL_TRACE | Query: INSERT INTO items (ingredient_name) VALUES (?) | Params: (('asparagus',),)
2025-12-16 16:14:16 | SQL_TRACE | Query: SELECT 1 FROM items WHERE ingredient_name = ? | Params: (('avocado',),)
2025-12-16 16:14:16 | SQL_TRACE | Query: INSERT INTO items (ingredient_name) VALUES (?) | Params: (('avocado',),)
2025-12-16 16:14:16 | SQL_TRACE | Query: SELECT 1 FROM items WHERE ingredient_name = ? | Params: (('bacon',),)
2025-12-16 16:14:16 | SQL_TRACE | Query: INSERT INTO items (ingredient_name) VALUES (?) | Params: (('bacon',),)
2025-12-16 16:14:16 | SQL_TRACE | Query: SELECT 1 FROM items WHERE ingredient_name = ? | Params: (('baking powder',),)
2025-12-16 16:14:16 | SQL_TRACE | Query: INSERT INTO items (ingredient_name) VALUES (?) | Params: (('baking powder',),)
2025-12-16 16:14:16 | SQL_TRACE | Query: SELECT 1 FROM items WHERE ingredient_name = ? | Params: (('baking soda',),)
2025-12-16 16:14:16 | SQL_TRACE | Query: INSERT INTO items (ingredient_name) VALUES (?) | Params: (('baking soda',),)
2025-12-16 16:14:16 | SQL_TRACE | Query: SELECT 1 FROM items WHERE ingredient_name = ? | Params: (('balsamic vinegar',),)
2025-12-16 16:14:16 | SQL_TRACE | Query: INSERT INTO items (ingredient_name) VALUES (?) | Params: (('balsamic vinegar',),)
2025-12-16 16:14:16 | SQL_TRACE | Query: SELECT 1 FROM items WHERE ingredient_name = ? | Params: (('banana',),)
2025-12-16 16:14:16 | SQL_TRACE | Query: INSERT INTO items (ingredient_name) VALUES (?) | Params: (('banana',),)
2025-12-16 16:14:16 | SQL_TRACE | Query: SELECT 1 FROM items WHERE ingredient_name = ? | Params: (('basil',),)
2025-12-16 16:14:16 | SQL_TRACE | Query: INSERT INTO items (ingredient_name) VALUES (?) | Params: (('basil',),)
2025-12-16 16:14:16 | SQL_TRACE | Query: SELECT 1 FROM items WHERE ingredient_name = ? | Params: (('bay leaf',),)
2025-12-16 16:14:16 | SQL_TRACE | Query: INSERT INTO items (ingredient_name) VALUES (?) | Params: (('bay leaf',),)
2025-12-16 16:14:16 | SQL_TRACE | Query: SELECT 1 FROM items WHERE ingredient_name = ? | Params: (('bbq sauce',),)
2025-12-16 16:14:16 | SQL_TRACE | Query: INSERT INTO items (ingredient_name) VALUES (?) | Params: (('bbq sauce',),)
2025-12-16 16:14:16 | SQL_TRACE | Query: SELECT 1 FROM items WHERE ingredient_name = ? | Params: (('beef stock',),)
2025-12-16 16:14:16 | SQL_TRACE | Query: INSERT INTO items (ingredient_name) VALUES (?) | Params: (('beef stock',),)
2025-12-16 16:14:16 | SQL_TRACE | Query: SELECT 1 FROM items WHERE ingredient_name = ? | Params: (('beets',),)
2025-12-16 16:14:16 | SQL_TRACE | Query: INSERT INTO items (ingredient_name) VALUES (?) | Params: (('beets',),)
2025-12-16 16:14:16 | SQL_TRACE | Query: SELECT 1 FROM items WHERE ingredient_name = ? | Params: (('bell pepper',),)
2025-12-16 16:14:16 | SQL_TRACE | Query: INSERT INTO items (ingredient_name) VALUES (?) | Params: (('bell pepper',),)
2025-12-16 16:14:16 | SQL_TRACE | Query: SELECT 1 FROM items WHERE ingredient_name = ? | Params: (('blueberry',),)
2025-12-16 16:14:16 | SQL_TRACE | Query: INSERT INTO items (ingredient_name) VALUES (?) | Params: (('blueberry',),)
2025-12-16 16:14:16 | SQL_TRACE | Query: SELECT 1 FROM items WHERE ingredient_name = ? | Params: (('bread',),)
2025-12-16 16:14:16 | SQL_TRACE | Query: INSERT INTO items (ingredient_name) VALUES (?) | Params: (('bread',),)
2025-12-16 16:14:16 | SQL_TRACE | Query: SELECT 1 FROM items WHERE ingredient_name = ? | Params: (('breadcrumbs',),)
2025-12-16 16:14:16 | SQL_TRACE | Query: INSERT INTO items (ingredient_name) VALUES (?) | Params: (('breadcrumbs',),)
2025-12-16 16:14:16 | SQL_TRACE | Query: SELECT 1 FROM items WHERE ingredient_name = ? | Params: (('broccoli',),)
2025-12-16 16:14:16 | SQL_TRACE | Query: INSERT INTO items (ingredient_name) VALUES (?) | Params: (('broccoli',),)
2025-12-16 16:14:16 | SQL_TRACE | Query: SELECT 1 FROM items WHERE ingredient_name = ? | Params: (('brown sugar',),)
2025-12-16 16:14:16 | SQL_TRACE | Query: INSERT INTO items (ingredient_name) VALUES (?) | Params: (('brown sugar',),)
2025-12-16 16:14:16 | SQL_TRACE | Query: SELECT 1 FROM items WHERE ingredient_name = ? | Params: (('brussels sprouts',),)
2025-12-16 16:14:16 | SQL_TRACE | Query: INSERT INTO items (ingredient_name) VALUES (?) | Params: (('brussels sprouts',),)
2025-12-16 16:14:16 | SQL_TRACE | Query: SELECT 1 FROM items WHERE ingredient_name = ? | Params: (('butter',),)
2025-12-16 16:14:16 | SQL_TRACE | Query: INSERT INTO items (ingredient_name) VALUES (?) | Params: (('butter',),)
2025-12-16 16:14:16 | SQL_TRACE | Query: SELECT 1 FROM items WHERE ingredient_name = ? | Params: (('cabbage',),)
2025-12-16 16:14:16 | SQL_TRACE | Query: INSERT INTO items (ingredient_name) VALUES (?) | Params: (('cabbage',),)
2025-12-16 16:14:16 | SQL_TRACE | Query: SELECT 1 FROM items WHERE ingredient_name = ? | Params: (('carrot',),)
2025-12-16 16:14:16 | SQL_TRACE | Query: INSERT INTO items (ingredient_name) VALUES (?) | Params: (('carrot',),)
2025-12-16 16:14:16 | SQL_TRACE | Query: SELECT 1 FROM items WHERE ingredient_name = ? | Params: (('cashews',),)
2025-12-16 16:14:16 | SQL_TRACE | Query: INSERT INTO items (ingredient_name) VALUES (?) | Params: (('cashews',),)
2025-12-16 16:14:16 | SQL_TRACE | Query: SELECT 1 FROM items WHERE ingredient_name = ? | Params: (('cauliflower',),)
2025-12-16 16:14:16 | SQL_TRACE | Query: INSERT INTO items (ingredient_name) VALUES (?) | Params: (('cauliflower',),)
2025-12-16 16:14:16 | SQL_TRACE | Query: SELECT 1 FROM items WHERE ingredient_name = ? | Params: (('cayenne pepper',),)
2025-12-16 16:14:16 | SQL_TRACE | Query: INSERT INTO items (ingredient_name) VALUES (?) | Params: (('cayenne pepper',),)
2025-12-16 16:14:16 | SQL_TRACE | Query: SELECT 1 FROM items WHERE ingredient_name = ? | Params: (('celery',),)
2025-12-16 16:14:16 | SQL_TRACE | Query: INSERT INTO items (ingredient_name) VALUES (?) | Params: (('celery',),)
2025-12-16 16:14:16 | SQL_TRACE | Query: SELECT 1 FROM items WHERE ingredient_name = ? | Params: (('cheddar cheese',),)
2025-12-16 16:14:16 | SQL_TRACE | Query: INSERT INTO items (ingredient_name) VALUES (?) | Params: (('cheddar cheese',),)
2025-12-16 16:14:16 | SQL_TRACE | Query: SELECT 1 FROM items WHERE ingredient_name = ? | Params: (('cherry',),)
2025-12-16 16:14:16 | SQL_TRACE | Query: INSERT INTO items (ingredient_name) VALUES (?) | Params: (('cherry',),)
2025-12-16 16:14:16 | SQL_TRACE | Query: SELECT 1 FROM items WHERE ingredient_name = ? | Params: (('chicken breast',),)
2025-12-16 16:14:16 | SQL_TRACE | Query: INSERT INTO items (ingredient_name) VALUES (?) | Params: (('chicken breast',),)
2025-12-16 16:14:16 | SQL_TRACE | Query: SELECT 1 FROM items WHERE ingredient_name = ? | Params: (('chicken stock',),)
2025-12-16 16:14:16 | SQL_TRACE | Query: INSERT INTO items (ingredient_name) VALUES (?) | Params: (('chicken stock',),)
2025-12-16 16:14:16 | SQL_TRACE | Query: SELECT 1 FROM items WHERE ingredient_name = ? | Params: (('chicken thighs',),)
2025-12-16 16:14:16 | SQL_TRACE | Query: INSERT INTO items (ingredient_name) VALUES (?) | Params: (('chicken thighs',),)
2025-12-16 16:14:16 | SQL_TRACE | Query: SELECT 1 FROM items WHERE ingredient_name = ? | Params: (('chili pepper',),)
2025-12-16 16:14:16 | SQL_TRACE | Query: INSERT INTO items (ingredient_name) VALUES (?) | Params: (('chili pepper',),)
2025-12-16 16:14:16 | SQL_TRACE | Query: SELECT 1 FROM items WHERE ingredient_name = ? | Params: (('chili powder',),)
2025-12-16 16:14:16 | SQL_TRACE | Query: INSERT INTO items (ingredient_name) VALUES (?) | Params: (('chili powder',),)
2025-12-16 16:14:16 | SQL_TRACE | Query: SELECT 1 FROM items WHERE ingredient_name = ? | Params: (('chocolate chips',),)
2025-12-16 16:14:16 | SQL_TRACE | Query: INSERT INTO items (ingredient_name) VALUES (?) | Params: (('chocolate chips',),)
2025-12-16 16:14:16 | SQL_TRACE | Query: SELECT 1 FROM items WHERE ingredient_name = ? | Params: (('cinnamon',),)
2025-12-16 16:14:16 | SQL_TRACE | Query: INSERT INTO items (ingredient_name) VALUES (?) | Params: (('cinnamon',),)
2025-12-16 16:14:16 | SQL_TRACE | Query: SELECT 1 FROM items WHERE ingredient_name = ? | Params: (('cloves',),)
2025-12-16 16:14:16 | SQL_TRACE | Query: INSERT INTO items (ingredient_name) VALUES (?) | Params: (('cloves',),)
2025-12-16 16:14:16 | SQL_TRACE | Query: SELECT 1 FROM items WHERE ingredient_name = ? | Params: (('cocoa powder',),)
2025-12-16 16:14:16 | SQL_TRACE | Query: INSERT INTO items (ingredient_name) VALUES (?) | Params: (('cocoa powder',),)
2025-12-16 16:14:16 | SQL_TRACE | Query: SELECT 1 FROM items WHERE ingredient_name = ? | Params: (('coriander',),)
2025-12-16 16:14:16 | SQL_TRACE | Query: INSERT INTO items (ingredient_name) VALUES (?) | Params: (('coriander',),)
2025-12-16 16:14:16 | SQL_TRACE | Query: SELECT 1 FROM items WHERE ingredient_name = ? | Params: (('corn',),)
2025-12-16 16:14:16 | SQL_TRACE | Query: INSERT INTO items (ingredient_name) VALUES (?) | Params: (('corn',),)
2025-12-16 16:14:16 | SQL_TRACE | Query: SELECT 1 FROM items WHERE ingredient_name = ? | Params: (('cornstarch',),)
2025-12-16 16:14:16 | SQL_TRACE | Query: INSERT INTO items (ingredient_name) VALUES (?) | Params: (('cornstarch',),)
2025-12-16 16:14:16 | SQL_TRACE | Query: SELECT 1 FROM items WHERE ingredient_name = ? | Params: (('cream cheese',),)
2025-12-16 16:14:16 | SQL_TRACE | Query: INSERT INTO items (ingredient_name) VALUES (?) | Params: (('cream cheese',),)
2025-12-16 16:14:16 | SQL_TRACE | Query: SELECT 1 FROM items WHERE ingredient_name = ? | Params: (('cucumber',),)
2025-12-16 16:14:16 | SQL_TRACE | Query: INSERT INTO items (ingredient_name) VALUES (?) | Params: (('cucumber',),)
2025-12-16 16:14:16 | SQL_TRACE | Query: SELECT 1 FROM items WHERE ingredient_name = ? | Params: (('cumin',),)
2025-12-16 16:14:16 | SQL_TRACE | Query: INSERT INTO items (ingredient_name) VALUES (?) | Params: (('cumin',),)
2025-12-16 16:14:16 | SQL_TRACE | Query: SELECT 1 FROM items WHERE ingredient_name = ? | Params: (('eggplant',),)
2025-12-16 16:14:16 | SQL_TRACE | Query: INSERT INTO items (ingredient_name) VALUES (?) | Params: (('eggplant',),)
2025-12-16 16:14:16 | SQL_TRACE | Query: SELECT 1 FROM items WHERE ingredient_name = ? | Params: (('eggs',),)
2025-12-16 16:14:16 | SQL_TRACE | Query: INSERT INTO items (ingredient_name) VALUES (?) | Params: (('eggs',),)
2025-12-16 16:14:16 | SQL_TRACE | Query: SELECT 1 FROM items WHERE ingredient_name = ? | Params: (('flour',),)
2025-12-16 16:14:16 | SQL_TRACE | Query: INSERT INTO items (ingredient_name) VALUES (?) | Params: (('flour',),)
2025-12-16 16:14:16 | SQL_TRACE | Query: SELECT 1 FROM items WHERE ingredient_name = ? | Params: (('garlic',),)
2025-12-16 16:14:16 | SQL_TRACE | Query: INSERT INTO items (ingredient_name) VALUES (?) | Params: (('garlic',),)
2025-12-16 16:14:16 | SQL_TRACE | Query: SELECT 1 FROM items WHERE ingredient_name = ? | Params: (('garlic powder',),)
2025-12-16 16:14:16 | SQL_TRACE | Query: INSERT INTO items (ingredient_name) VALUES (?) | Params: (('garlic powder',),)
2025-12-16 16:14:16 | SQL_TRACE | Query: SELECT 1 FROM items WHERE ingredient_name = ? | Params: (('ginger',),)
2025-12-16 16:14:16 | SQL_TRACE | Query: INSERT INTO items (ingredient_name) VALUES (?) | Params: (('ginger',),)
2025-12-16 16:14:16 | SQL_TRACE | Query: SELECT 1 FROM items WHERE ingredient_name = ? | Params: (('grapes',),)
2025-12-16 16:14:16 | SQL_TRACE | Query: INSERT INTO items (ingredient_name) VALUES (?) | Params: (('grapes',),)
2025-12-16 16:14:16 | SQL_TRACE | Query: SELECT 1 FROM items WHERE ingredient_name = ? | Params: (('green beans',),)
2025-12-16 16:14:16 | SQL_TRACE | Query: INSERT INTO items (ingredient_name) VALUES (?) | Params: (('green beans',),)
2025-12-16 16:14:16 | SQL_TRACE | Query: SELECT 1 FROM items WHERE ingredient_name = ? | Params: (('green onion',),)
2025-12-16 16:14:16 | SQL_TRACE | Query: INSERT INTO items (ingredient_name) VALUES (?) | Params: (('green onion',),)
2025-12-16 16:14:16 | SQL_TRACE | Query: SELECT 1 FROM items WHERE ingredient_name = ? | Params: (('ground beef',),)
2025-12-16 16:14:16 | SQL_TRACE | Query: INSERT INTO items (ingredient_name) VALUES (?) | Params: (('ground beef',),)
2025-12-16 16:14:16 | SQL_TRACE | Query: SELECT 1 FROM items WHERE ingredient_name = ? | Params: (('ground pork',),)
2025-12-16 16:14:16 | SQL_TRACE | Query: INSERT INTO items (ingredient_name) VALUES (?) | Params: (('ground pork',),)
2025-12-16 16:14:16 | SQL_TRACE | Query: SELECT 1 FROM items WHERE ingredient_name = ? | Params: (('ham',),)
2025-12-16 16:14:16 | SQL_TRACE | Query: INSERT INTO items (ingredient_name) VALUES (?) | Params: (('ham',),)
2025-12-16 16:14:16 | SQL_TRACE | Query: SELECT 1 FROM items WHERE ingredient_name = ? | Params: (('heavy cream',),)
2025-12-16 16:14:16 | SQL_TRACE | Query: INSERT INTO items (ingredient_name) VALUES (?) | Params: (('heavy cream',),)
2025-12-16 16:14:16 | SQL_TRACE | Query: SELECT 1 FROM items WHERE ingredient_name = ? | Params: (('honey',),)
2025-12-16 16:14:16 | SQL_TRACE | Query: INSERT INTO items (ingredient_name) VALUES (?) | Params: (('honey',),)
2025-12-16 16:14:16 | SQL_TRACE | Query: SELECT 1 FROM items WHERE ingredient_name = ? | Params: (('hot sauce',),)
2025-12-16 16:14:16 | SQL_TRACE | Query: INSERT INTO items (ingredient_name) VALUES (?) | Params: (('hot sauce',),)
2025-12-16 16:14:16 | SQL_TRACE | Query: SELECT 1 FROM items WHERE ingredient_name = ? | Params: (('kale',),)
2025-12-16 16:14:16 | SQL_TRACE | Query: INSERT INTO items (ingredient_name) VALUES (?) | Params: (('kale',),)
2025-12-16 16:14:16 | SQL_TRACE | Query: SELECT 1 FROM items WHERE ingredient_name = ? | Params: (('ketchup',),)
2025-12-16 16:14:16 | SQL_TRACE | Query: INSERT INTO items (ingredient_name) VALUES (?) | Params: (('ketchup',),)
2025-12-16 16:14:16 | SQL_TRACE | Query: SELECT 1 FROM items WHERE ingredient_name = ? | Params: (('leek',),)
2025-12-16 16:14:16 | SQL_TRACE | Query: INSERT INTO items (ingredient_name) VALUES (?) | Params: (('leek',),)
2025-12-16 16:14:16 | SQL_TRACE | Query: SELECT 1 FROM items WHERE ingredient_name = ? | Params: (('lemon',),)
2025-12-16 16:14:16 | SQL_TRACE | Query: INSERT INTO items (ingredient_name) VALUES (?) | Params: (('lemon',),)
2025-12-16 16:14:16 | SQL_TRACE | Query: SELECT 1 FROM items WHERE ingredient_name = ? | Params: (('lettuce',),)
2025-12-16 16:14:16 | SQL_TRACE | Query: INSERT INTO items (ingredient_name) VALUES (?) | Params: (('lettuce',),)
2025-12-16 16:14:16 | SQL_TRACE | Query: SELECT 1 FROM items WHERE ingredient_name = ? | Params: (('lime',),)
2025-12-16 16:14:16 | SQL_TRACE | Query: INSERT INTO items (ingredient_name) VALUES (?) | Params: (('lime',),)
2025-12-16 16:14:16 | SQL_TRACE | Query: SELECT 1 FROM items WHERE ingredient_name = ? | Params: (('mango',),)
2025-12-16 16:14:16 | SQL_TRACE | Query: INSERT INTO items (ingredient_name) VALUES (?) | Params: (('mango',),)
2025-12-16 16:14:16 | SQL_TRACE | Query: SELECT 1 FROM items WHERE ingredient_name = ? | Params: (('maple syrup',),)
2025-12-16 16:14:16 | SQL_TRACE | Query: INSERT INTO items (ingredient_name) VALUES (?) | Params: (('maple syrup',),)
2025-12-16 16:14:16 | SQL_TRACE | Query: SELECT 1 FROM items WHERE ingredient_name = ? | Params: (('mayonnaise',),)
2025-12-16 16:14:16 | SQL_TRACE | Query: INSERT INTO items (ingredient_name) VALUES (?) | Params: (('mayonnaise',),)
2025-12-16 16:14:16 | SQL_TRACE | Query: SELECT 1 FROM items WHERE ingredient_name = ? | Params: (('milk',),)
2025-12-16 16:14:16 | SQL_TRACE | Query: INSERT INTO items (ingredient_name) VALUES (?) | Params: (('milk',),)
2025-12-16 16:14:16 | SQL_TRACE | Query: SELECT 1 FROM items WHERE ingredient_name = ? | Params: (('mozzarella',),)
2025-12-16 16:14:16 | SQL_TRACE | Query: INSERT INTO items (ingredient_name) VALUES (?) | Params: (('mozzarella',),)
2025-12-16 16:14:16 | SQL_TRACE | Query: SELECT 1 FROM items WHERE ingredient_name = ? | Params: (('mushroom',),)
2025-12-16 16:14:16 | SQL_TRACE | Query: INSERT INTO items (ingredient_name) VALUES (?) | Params: (('mushroom',),)
2025-12-16 16:14:16 | SQL_TRACE | Query: SELECT 1 FROM items WHERE ingredient_name = ? | Params: (('mustard',),)
2025-12-16 16:14:16 | SQL_TRACE | Query: INSERT INTO items (ingredient_name) VALUES (?) | Params: (('mustard',),)
2025-12-16 16:14:16 | SQL_TRACE | Query: SELECT 1 FROM items WHERE ingredient_name = ? | Params: (('noodles',),)
2025-12-16 16:14:16 | SQL_TRACE | Query: INSERT INTO items (ingredient_name) VALUES (?) | Params: (('noodles',),)
2025-12-16 16:14:16 | SQL_TRACE | Query: SELECT 1 FROM items WHERE ingredient_name = ? | Params: (('nutmeg',),)
2025-12-16 16:14:16 | SQL_TRACE | Query: INSERT INTO items (ingredient_name) VALUES (?) | Params: (('nutmeg',),)
2025-12-16 16:14:16 | SQL_TRACE | Query: SELECT 1 FROM items WHERE ingredient_name = ? | Params: (('oats',),)
2025-12-16 16:14:16 | SQL_TRACE | Query: INSERT INTO items (ingredient_name) VALUES (?) | Params: (('oats',),)
2025-12-16 16:14:16 | SQL_TRACE | Query: SELECT 1 FROM items WHERE ingredient_name = ? | Params: (('olive oil',),)
2025-12-16 16:14:16 | SQL_TRACE | Query: INSERT INTO items (ingredient_name) VALUES (?) | Params: (('olive oil',),)
2025-12-16 16:14:16 | SQL_TRACE | Query: SELECT 1 FROM items WHERE ingredient_name = ? | Params: (('onion',),)
2025-12-16 16:14:16 | SQL_TRACE | Query: INSERT INTO items (ingredient_name) VALUES (?) | Params: (('onion',),)
2025-12-16 16:14:16 | SQL_TRACE | Query: SELECT 1 FROM items WHERE ingredient_name = ? | Params: (('onion powder',),)
2025-12-16 16:14:16 | SQL_TRACE | Query: INSERT INTO items (ingredient_name) VALUES (?) | Params: (('onion powder',),)
2025-12-16 16:14:16 | SQL_TRACE | Query: SELECT 1 FROM items WHERE ingredient_name = ? | Params: (('orange',),)
2025-12-16 16:14:16 | SQL_TRACE | Query: INSERT INTO items (ingredient_name) VALUES (?) | Params: (('orange',),)
2025-12-16 16:14:16 | SQL_TRACE | Query: SELECT 1 FROM items WHERE ingredient_name = ? | Params: (('oregano',),)
2025-12-16 16:14:16 | SQL_TRACE | Query: INSERT INTO items (ingredient_name) VALUES (?) | Params: (('oregano',),)
2025-12-16 16:14:16 | SQL_TRACE | Query: SELECT 1 FROM items WHERE ingredient_name = ? | Params: (('paprika',),)
2025-12-16 16:14:16 | SQL_TRACE | Query: INSERT INTO items (ingredient_name) VALUES (?) | Params: (('paprika',),)
2025-12-16 16:14:16 | SQL_TRACE | Query: SELECT 1 FROM items WHERE ingredient_name = ? | Params: (('parmesan cheese',),)
2025-12-16 16:14:16 | SQL_TRACE | Query: INSERT INTO items (ingredient_name) VALUES (?) | Params: (('parmesan cheese',),)
2025-12-16 16:14:16 | SQL_TRACE | Query: SELECT 1 FROM items WHERE ingredient_name = ? | Params: (('parsley',),)
2025-12-16 16:14:16 | SQL_TRACE | Query: INSERT INTO items (ingredient_name) VALUES (?) | Params: (('parsley',),)
2025-12-16 16:14:16 | SQL_TRACE | Query: SELECT 1 FROM items WHERE ingredient_name = ? | Params: (('pasta',),)
2025-12-16 16:14:16 | SQL_TRACE | Query: INSERT INTO items (ingredient_name) VALUES (?) | Params: (('pasta',),)
2025-12-16 16:14:16 | SQL_TRACE | Query: SELECT 1 FROM items WHERE ingredient_name = ? | Params: (('peach',),)
2025-12-16 16:14:16 | SQL_TRACE | Query: INSERT INTO items (ingredient_name) VALUES (?) | Params: (('peach',),)
2025-12-16 16:14:16 | SQL_TRACE | Query: SELECT 1 FROM items WHERE ingredient_name = ? | Params: (('peanut butter',),)
2025-12-16 16:14:16 | SQL_TRACE | Query: INSERT INTO items (ingredient_name) VALUES (?) | Params: (('peanut butter',),)
2025-12-16 16:14:16 | SQL_TRACE | Query: SELECT 1 FROM items WHERE ingredient_name = ? | Params: (('peanuts',),)
2025-12-16 16:14:16 | SQL_TRACE | Query: INSERT INTO items (ingredient_name) VALUES (?) | Params: (('peanuts',),)
2025-12-16 16:14:16 | SQL_TRACE | Query: SELECT 1 FROM items WHERE ingredient_name = ? | Params: (('pear',),)
2025-12-16 16:14:16 | SQL_TRACE | Query: INSERT INTO items (ingredient_name) VALUES (?) | Params: (('pear',),)
2025-12-16 16:14:16 | SQL_TRACE | Query: SELECT 1 FROM items WHERE ingredient_name = ? | Params: (('peas',),)
2025-12-16 16:14:16 | SQL_TRACE | Query: INSERT INTO items (ingredient_name) VALUES (?) | Params: (('peas',),)
2025-12-16 16:14:16 | SQL_TRACE | Query: SELECT 1 FROM items WHERE ingredient_name = ? | Params: (('pepperoni',),)
2025-12-16 16:14:16 | SQL_TRACE | Query: INSERT INTO items (ingredient_name) VALUES (?) | Params: (('pepperoni',),)
2025-12-16 16:14:16 | SQL_TRACE | Query: SELECT 1 FROM items WHERE ingredient_name = ? | Params: (('pineapple',),)
2025-12-16 16:14:16 | SQL_TRACE | Query: INSERT INTO items (ingredient_name) VALUES (?) | Params: (('pineapple',),)
2025-12-16 16:14:16 | SQL_TRACE | Query: SELECT 1 FROM items WHERE ingredient_name = ? | Params: (('pork chop',),)
2025-12-16 16:14:16 | SQL_TRACE | Query: INSERT INTO items (ingredient_name) VALUES (?) | Params: (('pork chop',),)
2025-12-16 16:14:16 | SQL_TRACE | Query: SELECT 1 FROM items WHERE ingredient_name = ? | Params: (('potato',),)
2025-12-16 16:14:16 | SQL_TRACE | Query: INSERT INTO items (ingredient_name) VALUES (?) | Params: (('potato',),)
2025-12-16 16:14:16 | SQL_TRACE | Query: SELECT 1 FROM items WHERE ingredient_name = ? | Params: (('quinoa',),)
2025-12-16 16:14:16 | SQL_TRACE | Query: INSERT INTO items (ingredient_name) VALUES (?) | Params: (('quinoa',),)
2025-12-16 16:14:16 | SQL_TRACE | Query: SELECT 1 FROM items WHERE ingredient_name = ? | Params: (('radish',),)
2025-12-16 16:14:16 | SQL_TRACE | Query: INSERT INTO items (ingredient_name) VALUES (?) | Params: (('radish',),)
2025-12-16 16:14:16 | SQL_TRACE | Query: SELECT 1 FROM items WHERE ingredient_name = ? | Params: (('raisins',),)
2025-12-16 16:14:16 | SQL_TRACE | Query: INSERT INTO items (ingredient_name) VALUES (?) | Params: (('raisins',),)
2025-12-16 16:14:16 | SQL_TRACE | Query: SELECT 1 FROM items WHERE ingredient_name = ? | Params: (('raspberry',),)
2025-12-16 16:14:16 | SQL_TRACE | Query: INSERT INTO items (ingredient_name) VALUES (?) | Params: (('raspberry',),)
2025-12-16 16:14:16 | SQL_TRACE | Query: SELECT 1 FROM items WHERE ingredient_name = ? | Params: (('rice',),)
2025-12-16 16:14:16 | SQL_TRACE | Query: INSERT INTO items (ingredient_name) VALUES (?) | Params: (('rice',),)
2025-12-16 16:14:16 | SQL_TRACE | Query: SELECT 1 FROM items WHERE ingredient_name = ? | Params: (('rosemary',),)
2025-12-16 16:14:16 | SQL_TRACE | Query: INSERT INTO items (ingredient_name) VALUES (?) | Params: (('rosemary',),)
2025-12-16 16:14:16 | SQL_TRACE | Query: SELECT 1 FROM items WHERE ingredient_name = ? | Params: (('salmon',),)
2025-12-16 16:14:16 | SQL_TRACE | Query: INSERT INTO items (ingredient_name) VALUES (?) | Params: (('salmon',),)
2025-12-16 16:14:16 | SQL_TRACE | Query: SELECT 1 FROM items WHERE ingredient_name = ? | Params: (('sausage',),)
2025-12-16 16:14:16 | SQL_TRACE | Query: INSERT INTO items (ingredient_name) VALUES (?) | Params: (('sausage',),)
2025-12-16 16:14:16 | SQL_TRACE | Query: SELECT 1 FROM items WHERE ingredient_name = ? | Params: (('sesame oil',),)
2025-12-16 16:14:16 | SQL_TRACE | Query: INSERT INTO items (ingredient_name) VALUES (?) | Params: (('sesame oil',),)
2025-12-16 16:14:16 | SQL_TRACE | Query: SELECT 1 FROM items WHERE ingredient_name = ? | Params: (('shrimp',),)
2025-12-16 16:14:16 | SQL_TRACE | Query: INSERT INTO items (ingredient_name) VALUES (?) | Params: (('shrimp',),)
2025-12-16 16:14:16 | SQL_TRACE | Query: SELECT 1 FROM items WHERE ingredient_name = ? | Params: (('sour cream',),)
2025-12-16 16:14:16 | SQL_TRACE | Query: INSERT INTO items (ingredient_name) VALUES (?) | Params: (('sour cream',),)
2025-12-16 16:14:16 | SQL_TRACE | Query: SELECT 1 FROM items WHERE ingredient_name = ? | Params: (('soy sauce',),)
2025-12-16 16:14:16 | SQL_TRACE | Query: INSERT INTO items (ingredient_name) VALUES (?) | Params: (('soy sauce',),)
2025-12-16 16:14:16 | SQL_TRACE | Query: SELECT 1 FROM items WHERE ingredient_name = ? | Params: (('spaghetti',),)
2025-12-16 16:14:16 | SQL_TRACE | Query: INSERT INTO items (ingredient_name) VALUES (?) | Params: (('spaghetti',),)
2025-12-16 16:14:16 | SQL_TRACE | Query: SELECT 1 FROM items WHERE ingredient_name = ? | Params: (('spinach',),)
2025-12-16 16:14:16 | SQL_TRACE | Query: INSERT INTO items (ingredient_name) VALUES (?) | Params: (('spinach',),)
2025-12-16 16:14:16 | SQL_TRACE | Query: SELECT 1 FROM items WHERE ingredient_name = ? | Params: (('steak',),)
2025-12-16 16:14:16 | SQL_TRACE | Query: INSERT INTO items (ingredient_name) VALUES (?) | Params: (('steak',),)
2025-12-16 16:14:16 | SQL_TRACE | Query: SELECT 1 FROM items WHERE ingredient_name = ? | Params: (('strawberry',),)
2025-12-16 16:14:16 | SQL_TRACE | Query: INSERT INTO items (ingredient_name) VALUES (?) | Params: (('strawberry',),)
2025-12-16 16:14:16 | SQL_TRACE | Query: SELECT 1 FROM items WHERE ingredient_name = ? | Params: (('sugar',),)
2025-12-16 16:14:16 | SQL_TRACE | Query: INSERT INTO items (ingredient_name) VALUES (?) | Params: (('sugar',),)
2025-12-16 16:14:16 | SQL_TRACE | Query: SELECT 1 FROM items WHERE ingredient_name = ? | Params: (('sweet potato',),)
2025-12-16 16:14:16 | SQL_TRACE | Query: INSERT INTO items (ingredient_name) VALUES (?) | Params: (('sweet potato',),)
2025-12-16 16:14:16 | SQL_TRACE | Query: SELECT 1 FROM items WHERE ingredient_name = ? | Params: (('thyme',),)
2025-12-16 16:14:16 | SQL_TRACE | Query: INSERT INTO items (ingredient_name) VALUES (?) | Params: (('thyme',),)
2025-12-16 16:14:16 | SQL_TRACE | Query: SELECT 1 FROM items WHERE ingredient_name = ? | Params: (('tofu',),)
2025-12-16 16:14:16 | SQL_TRACE | Query: INSERT INTO items (ingredient_name) VALUES (?) | Params: (('tofu',),)
2025-12-16 16:14:16 | SQL_TRACE | Query: SELECT 1 FROM items WHERE ingredient_name = ? | Params: (('tomato',),)
2025-12-16 16:14:16 | SQL_TRACE | Query: INSERT INTO items (ingredient_name) VALUES (?) | Params: (('tomato',),)
2025-12-16 16:14:16 | SQL_TRACE | Query: SELECT 1 FROM items WHERE ingredient_name = ? | Params: (('tomato paste',),)
2025-12-16 16:14:16 | SQL_TRACE | Query: INSERT INTO items (ingredient_name) VALUES (?) | Params: (('tomato paste',),)
2025-12-16 16:14:16 | SQL_TRACE | Query: SELECT 1 FROM items WHERE ingredient_name = ? | Params: (('tomato sauce',),)
2025-12-16 16:14:16 | SQL_TRACE | Query: INSERT INTO items (ingredient_name) VALUES (?) | Params: (('tomato sauce',),)
2025-12-16 16:14:16 | SQL_TRACE | Query: SELECT 1 FROM items WHERE ingredient_name = ? | Params: (('tortilla',),)
2025-12-16 16:14:16 | SQL_TRACE | Query: INSERT INTO items (ingredient_name) VALUES (?) | Params: (('tortilla',),)
2025-12-16 16:14:16 | SQL_TRACE | Query: SELECT 1 FROM items WHERE ingredient_name = ? | Params: (('tuna',),)
2025-12-16 16:14:16 | SQL_TRACE | Query: INSERT INTO items (ingredient_name) VALUES (?) | Params: (('tuna',),)
2025-12-16 16:14:16 | SQL_TRACE | Query: SELECT 1 FROM items WHERE ingredient_name = ? | Params: (('turkey',),)
2025-12-16 16:14:16 | SQL_TRACE | Query: INSERT INTO items (ingredient_name) VALUES (?) | Params: (('turkey',),)
2025-12-16 16:14:16 | SQL_TRACE | Query: SELECT 1 FROM items WHERE ingredient_name = ? | Params: (('turmeric',),)
2025-12-16 16:14:16 | SQL_TRACE | Query: INSERT INTO items (ingredient_name) VALUES (?) | Params: (('turmeric',),)
2025-12-16 16:14:16 | SQL_TRACE | Query: SELECT 1 FROM items WHERE ingredient_name = ? | Params: (('vanilla extract',),)
2025-12-16 16:14:16 | SQL_TRACE | Query: INSERT INTO items (ingredient_name) VALUES (?) | Params: (('vanilla extract',),)
2025-12-16 16:14:16 | SQL_TRACE | Query: SELECT 1 FROM items WHERE ingredient_name = ? | Params: (('vegetable oil',),)
2025-12-16 16:14:16 | SQL_TRACE | Query: INSERT INTO items (ingredient_name) VALUES (?) | Params: (('vegetable oil',),)
2025-12-16 16:14:16 | SQL_TRACE | Query: SELECT 1 FROM items WHERE ingredient_name = ? | Params: (('walnuts',),)
2025-12-16 16:14:16 | SQL_TRACE | Query: INSERT INTO items (ingredient_name) VALUES (?) | Params: (('walnuts',),)
2025-12-16 16:14:16 | SQL_TRACE | Query: SELECT 1 FROM items WHERE ingredient_name = ? | Params: (('watermelon',),)
2025-12-16 16:14:16 | SQL_TRACE | Query: INSERT INTO items (ingredient_name) VALUES (?) | Params: (('watermelon',),)
2025-12-16 16:14:16 | SQL_TRACE | Query: SELECT 1 FROM items WHERE ingredient_name = ? | Params: (('white vinegar',),)
2025-12-16 16:14:16 | SQL_TRACE | Query: INSERT INTO items (ingredient_name) VALUES (?) | Params: (('white vinegar',),)
2025-12-16 16:14:16 | SQL_TRACE | Query: SELECT 1 FROM items WHERE ingredient_name = ? | Params: (('worcestershire sauce',),)
2025-12-16 16:14:16 | SQL_TRACE | Query: INSERT INTO items (ingredient_name) VALUES (?) | Params: (('worcestershire sauce',),)
2025-12-16 16:14:16 | SQL_TRACE | Query: SELECT 1 FROM items WHERE ingredient_name = ? | Params: (('yeast',),)
2025-12-16 16:14:16 | SQL_TRACE | Query: INSERT INTO items (ingredient_name) VALUES (?) | Params: (('yeast',),)
2025-12-16 16:14:16 | SQL_TRACE | Query: SELECT 1 FROM items WHERE ingredient_name = ? | Params: (('yogurt',),)
2025-12-16 16:14:16 | SQL_TRACE | Query: INSERT INTO items (ingredient_name) VALUES (?) | Params: (('yogurt',),)
2025-12-16 16:14:16 | SQL_TRACE | Query: SELECT 1 FROM items WHERE ingredient_name = ? | Params: (('zucchini',),)
2025-12-16 16:14:16 | SQL_TRACE | Query: INSERT INTO items (ingredient_name) VALUES (?) | Params: (('zucchini',),)
2025-12-16 16:14:16 | SQL_TRACE | Query: INSERT INTO recipe (recipe_name, description, recipe_creator, time_needed) VALUES (?, ?, ?, ?) | Params: ('Classic Pancakes', 'Fluffy sunday breakfast pancakes. (Single Portion)', 2, 20)
2025-12-16 16:14:16 | SQL_TRACE | Query: INSERT INTO recipe_steps (recipe_id, step_number, instruction) VALUES (?, ?, ?) | Params: (1, 1, 'Mix flour, sugar and baking powder in a large bowl.')
2025-12-16 16:14:16 | SQL_TRACE | Query: INSERT INTO recipe_steps (recipe_id, step_number, instruction) VALUES (?, ?, ?) | Params: (1, 2, 'Whisk milk and eggs in a separate jug.')
2025-12-16 16:14:16 | SQL_TRACE | Query: INSERT INTO recipe_steps (recipe_id, step_number, instruction) VALUES (?, ?, ?) | Params: (1, 3, 'Combine wet and dry ingredients.')
2025-12-16 16:14:16 | SQL_TRACE | Query: INSERT INTO recipe_steps (recipe_id, step_number, instruction) VALUES (?, ?, ?) | Params: (1, 4, 'Melt butter in pan and fry batter until golden.')
2025-12-16 16:14:16 | SQL_TRACE | Query: SELECT ingredient_id FROM items WHERE ingredient_name = ? | Params: ('flour',)
2025-12-16 16:14:16 | SQL_TRACE | Query: INSERT INTO recipe_ingredients (recipe_id, ingredient_id, needed) VALUES (?, ?, ?) | Params: (1, 48, 60)
2025-12-16 16:14:16 | SQL_TRACE | Query: SELECT ingredient_id FROM items WHERE ingredient_name = ? | Params: ('milk',)
2025-12-16 16:14:16 | SQL_TRACE | Query: INSERT INTO recipe_ingredients (recipe_id, ingredient_id, needed) VALUES (?, ?, ?) | Params: (1, 70, 100)
2025-12-16 16:14:16 | SQL_TRACE | Query: SELECT ingredient_id FROM items WHERE ingredient_name = ? | Params: ('eggs',)
2025-12-16 16:14:16 | SQL_TRACE | Query: INSERT INTO recipe_ingredients (recipe_id, ingredient_id, needed) VALUES (?, ?, ?) | Params: (1, 47, 1)
2025-12-16 16:14:16 | SQL_TRACE | Query: SELECT ingredient_id FROM items WHERE ingredient_name = ? | Params: ('butter',)
2025-12-16 16:14:16 | SQL_TRACE | Query: INSERT INTO recipe_ingredients (recipe_id, ingredient_id, needed) VALUES (?, ?, ?) | Params: (1, 22, 1)
2025-12-16 16:14:16 | SQL_TRACE | Query: SELECT ingredient_id FROM items WHERE ingredient_name = ? | Params: ('sugar',)
2025-12-16 16:14:16 | SQL_TRACE | Query: INSERT INTO recipe_ingredients (recipe_id, ingredient_id, needed) VALUES (?, ?, ?) | Params: (1, 111, 1)
2025-12-16 16:14:16 | SQL_TRACE | Query: SELECT ingredient_id FROM items WHERE ingredient_name = ? | Params: ('baking powder',)
2025-12-16 16:14:16 | SQL_TRACE | Query: INSERT INTO recipe_ingredients (recipe_id, ingredient_id, needed) VALUES (?, ?, ?) | Params: (1, 6, 1)
2025-12-16 16:14:16 | SQL_TRACE | Query: INSERT INTO recipe (recipe_name, description, recipe_creator, time_needed) VALUES (?, ?, ?, ?) | Params: ('Spaghetti Aglio e Olio', 'Simple, garlic-infused pasta. (Single Portion)', 3, 15)
2025-12-16 16:14:16 | SQL_TRACE | Query: INSERT INTO recipe_steps (recipe_id, step_number, instruction) VALUES (?, ?, ?) | Params: (2, 1, 'Boil spaghetti in salted water until al dente.')
2025-12-16 16:14:16 | SQL_TRACE | Query: INSERT INTO recipe_steps (recipe_id, step_number, instruction) VALUES (?, ?, ?) | Params: (2, 2, 'Slice garlic thinly and fry in olive oil gently.')
2025-12-16 16:14:16 | SQL_TRACE | Query: INSERT INTO recipe_steps (recipe_id, step_number, instruction) VALUES (?, ?, ?) | Params: (2, 3, 'Toss pasta into the garlic oil.')
2025-12-16 16:14:16 | SQL_TRACE | Query: INSERT INTO recipe_steps (recipe_id, step_number, instruction) VALUES (?, ?, ?) | Params: (2, 4, 'Add parsley and grated cheese before serving.')
2025-12-16 16:14:16 | SQL_TRACE | Query: SELECT ingredient_id FROM items WHERE ingredient_name = ? | Params: ('spaghetti',)
2025-12-16 16:14:16 | SQL_TRACE | Query: INSERT INTO recipe_ingredients (recipe_id, ingredient_id, needed) VALUES (?, ?, ?) | Params: (2, 107, 125)
2025-12-16 16:14:16 | SQL_TRACE | Query: SELECT ingredient_id FROM items WHERE ingredient_name = ? | Params: ('garlic',)
2025-12-16 16:14:16 | SQL_TRACE | Query: INSERT INTO recipe_ingredients (recipe_id, ingredient_id, needed) VALUES (?, ?, ?) | Params: (2, 49, 1)
2025-12-16 16:14:16 | SQL_TRACE | Query: SELECT ingredient_id FROM items WHERE ingredient_name = ? | Params: ('olive oil',)
2025-12-16 16:14:16 | SQL_TRACE | Query: INSERT INTO recipe_ingredients (recipe_id, ingredient_id, needed) VALUES (?, ?, ?) | Params: (2, 77, 1)
2025-12-16 16:14:16 | SQL_TRACE | Query: SELECT ingredient_id FROM items WHERE ingredient_name = ? | Params: ('parsley',)
2025-12-16 16:14:16 | SQL_TRACE | Query: INSERT INTO recipe_ingredients (recipe_id, ingredient_id, needed) VALUES (?, ?, ?) | Params: (2, 84, 1)
2025-12-16 16:14:16 | SQL_TRACE | Query: SELECT ingredient_id FROM items WHERE ingredient_name = ? | Params: ('parmesan cheese',)
2025-12-16 16:14:16 | SQL_TRACE | Query: INSERT INTO recipe_ingredients (recipe_id, ingredient_id, needed) VALUES (?, ?, ?) | Params: (2, 83, 1)
2025-12-16 16:14:16 | SQL_TRACE | Query: INSERT INTO recipe (recipe_name, description, recipe_creator, time_needed) VALUES (?, ?, ?, ?) | Params: ('Chicken Stir-Fry', 'Healthy and quick weeknight dinner. (Single Portion)', 4, 25)
2025-12-16 16:14:16 | SQL_TRACE | Query: INSERT INTO recipe_steps (recipe_id, step_number, instruction) VALUES (?, ?, ?) | Params: (3, 1, 'Cook rice according to package instructions.')
2025-12-16 16:14:16 | SQL_TRACE | Query: INSERT INTO recipe_steps (recipe_id, step_number, instruction) VALUES (?, ?, ?) | Params: (3, 2, 'Cut chicken into strips and fry in a hot wok.')
2025-12-16 16:14:16 | SQL_TRACE | Query: INSERT INTO recipe_steps (recipe_id, step_number, instruction) VALUES (?, ?, ?) | Params: (3, 3, 'Add chopped vegetables and stir-fry for 5 minutes.')
2025-12-16 16:14:16 | SQL_TRACE | Query: INSERT INTO recipe_steps (recipe_id, step_number, instruction) VALUES (?, ?, ?) | Params: (3, 4, 'Add soy sauce and ginger, serve over rice.')
2025-12-16 16:14:16 | SQL_TRACE | Query: SELECT ingredient_id FROM items WHERE ingredient_name = ? | Params: ('chicken breast',)
2025-12-16 16:14:16 | SQL_TRACE | Query: INSERT INTO recipe_ingredients (recipe_id, ingredient_id, needed) VALUES (?, ?, ?) | Params: (3, 31, 1)
2025-12-16 16:14:16 | SQL_TRACE | Query: SELECT ingredient_id FROM items WHERE ingredient_name = ? | Params: ('rice',)
2025-12-16 16:14:16 | SQL_TRACE | Query: INSERT INTO recipe_ingredients (recipe_id, ingredient_id, needed) VALUES (?, ?, ?) | Params: (3, 99, 1)
2025-12-16 16:14:16 | SQL_TRACE | Query: SELECT ingredient_id FROM items WHERE ingredient_name = ? | Params: ('soy sauce',)
2025-12-16 16:14:16 | SQL_TRACE | Query: INSERT INTO recipe_ingredients (recipe_id, ingredient_id, needed) VALUES (?, ?, ?) | Params: (3, 106, 1)
2025-12-16 16:14:16 | SQL_TRACE | Query: SELECT ingredient_id FROM items WHERE ingredient_name = ? | Params: ('broccoli',)
2025-12-16 16:14:16 | SQL_TRACE | Query: INSERT INTO recipe_ingredients (recipe_id, ingredient_id, needed) VALUES (?, ?, ?) | Params: (3, 19, 1)
2025-12-16 16:14:16 | SQL_TRACE | Query: SELECT ingredient_id FROM items WHERE ingredient_name = ? | Params: ('onion',)
2025-12-16 16:14:16 | SQL_TRACE | Query: INSERT INTO recipe_ingredients (recipe_id, ingredient_id, needed) VALUES (?, ?, ?) | Params: (3, 78, 1)
2025-12-16 16:14:16 | SQL_TRACE | Query: SELECT ingredient_id FROM items WHERE ingredient_name = ? | Params: ('ginger',)
2025-12-16 16:14:16 | SQL_TRACE | Query: INSERT INTO recipe_ingredients (recipe_id, ingredient_id, needed) VALUES (?, ?, ?) | Params: (3, 51, 1)
2025-12-16 16:14:16 | SQL_TRACE | Query: INSERT INTO recipe (recipe_name, description, recipe_creator, time_needed) VALUES (?, ?, ?, ?) | Params: ('Caprese Salad', 'Fresh Italian summer salad. (Single Portion)', 1, 10)
2025-12-16 16:14:16 | SQL_TRACE | Query: INSERT INTO recipe_steps (recipe_id, step_number, instruction) VALUES (?, ?, ?) | Params: (4, 1, 'Slice tomatoes and mozzarella cheese.')
2025-12-16 16:14:16 | SQL_TRACE | Query: INSERT INTO recipe_steps (recipe_id, step_number, instruction) VALUES (?, ?, ?) | Params: (4, 2, 'Arrange slices alternately on a plate.')
2025-12-16 16:14:16 | SQL_TRACE | Query: INSERT INTO recipe_steps (recipe_id, step_number, instruction) VALUES (?, ?, ?) | Params: (4, 3, 'Sprinkle fresh basil leaves on top.')
2025-12-16 16:14:16 | SQL_TRACE | Query: INSERT INTO recipe_steps (recipe_id, step_number, instruction) VALUES (?, ?, ?) | Params: (4, 4, 'Drizzle with olive oil and balsamic vinegar.')
2025-12-16 16:14:16 | SQL_TRACE | Query: SELECT ingredient_id FROM items WHERE ingredient_name = ? | Params: ('tomato',)
2025-12-16 16:14:16 | SQL_TRACE | Query: INSERT INTO recipe_ingredients (recipe_id, ingredient_id, needed) VALUES (?, ?, ?) | Params: (4, 115, 2)
2025-12-16 16:14:16 | SQL_TRACE | Query: SELECT ingredient_id FROM items WHERE ingredient_name = ? | Params: ('mozzarella',)
2025-12-16 16:14:16 | SQL_TRACE | Query: INSERT INTO recipe_ingredients (recipe_id, ingredient_id, needed) VALUES (?, ?, ?) | Params: (4, 71, 125)
2025-12-16 16:14:16 | SQL_TRACE | Query: SELECT ingredient_id FROM items WHERE ingredient_name = ? | Params: ('basil',)
2025-12-16 16:14:16 | SQL_TRACE | Query: INSERT INTO recipe_ingredients (recipe_id, ingredient_id, needed) VALUES (?, ?, ?) | Params: (4, 10, 1)
2025-12-16 16:14:16 | SQL_TRACE | Query: SELECT ingredient_id FROM items WHERE ingredient_name = ? | Params: ('olive oil',)
2025-12-16 16:14:16 | SQL_TRACE | Query: INSERT INTO recipe_ingredients (recipe_id, ingredient_id, needed) VALUES (?, ?, ?) | Params: (4, 77, 1)
2025-12-16 16:14:16 | SQL_TRACE | Query: SELECT ingredient_id FROM items WHERE ingredient_name = ? | Params: ('balsamic vinegar',)
2025-12-16 16:14:16 | SQL_TRACE | Query: INSERT INTO recipe_ingredients (recipe_id, ingredient_id, needed) VALUES (?, ?, ?) | Params: (4, 8, 1)
2025-12-17 00:38:27 | SQL_TRACE | Query: 
        SELECT i.ingredient_name, p.amount 
        FROM pantry p
        JOIN items i ON p.ingredient_id = i.ingredient_id
        WHERE p.uid = ?
         | Params: (1,)
2025-12-17 00:40:14 | SQL_TRACE | Query: SELECT recipe_id, recipe_name, description, recipe_creator, time_needed FROM recipe | Params: None
2025-12-17 00:40:29 | SQL_TRACE | Query: SELECT ingredient_id, amount FROM pantry WHERE uid = ? | Params: (1,)
2025-12-17 00:40:29 | SQL_TRACE | Query: 
    SELECT r.recipe_id, r.recipe_name, r.time_needed, ri.ingredient_id, ri.needed
    FROM recipe r
    JOIN recipe_ingredients ri ON r.recipe_id = ri.recipe_id
    
2025-12-17 00:40:48 | SQL_TRACE | Query: SELECT recipe_id, recipe_name, description, recipe_creator, time_needed FROM recipe | Params: None
2025-12-17 00:43:20 | SQL_TRACE | Query: SELECT ingredient_id, amount FROM pantry WHERE uid = ? | Params: (1,)
2025-12-17 00:43:20 | SQL_TRACE | Query: 
    SELECT r.recipe_id, r.recipe_name, r.description, r.time_needed, ri.ingredient_id, ri.needed, r.recipe_creator
    FROM recipe r
    JOIN recipe_ingredients ri ON r.recipe_id = ri.recipe_id
    
2025-12-17 08:44:55 | SQL_TRACE | Query: SELECT ingredient_id, amount FROM pantry WHERE uid = ? | Params: (1,)
2025-12-17 08:44:55 | SQL_TRACE | Query: 
    SELECT r.recipe_id, r.recipe_name, r.description, r.time_needed, ri.ingredient_id, ri.needed, r.recipe_creator
    FROM recipe r
    JOIN recipe_ingredients ri ON r.recipe_id = ri.recipe_id
    
2025-12-17 08:45:28 | SQL_TRACE | Query: 
        SELECT i.ingredient_name, ri.needed 
        FROM recipe_ingredients ri
        JOIN items i ON ri.ingredient_id = i.ingredient_id
        WHERE ri.recipe_id = ?
         | Params: (1,)
2025-12-17 08:45:28 | SQL_TRACE | Query: 
        SELECT i.ingredient_name, p.amount 
        FROM pantry p
        JOIN items i ON p.ingredient_id = i.ingredient_id
        WHERE p.uid = ?
         | Params: (1,)
2025-12-17 08:45:28 | SQL_TRACE | Query: 
        SELECT recipe_id, recipe_name, description, recipe_creator, time_needed
        FROM recipe WHERE recipe_id = ?
         | Params: (1,)
2025-12-17 08:45:28 | SQL_TRACE | Query: SELECT instruction FROM recipe_steps WHERE recipe_id = ? ORDER BY step_number ASC | Params: (1,)
2025-12-17 08:45:28 | SQL_TRACE | Query: 
        SELECT i.ingredient_name, ri.needed 
        FROM recipe_ingredients ri
        JOIN items i ON ri.ingredient_id = i.ingredient_id
        WHERE ri.recipe_id = ?
         | Params: (1,)
2025-12-17 08:45:28 | SQL_TRACE | Query: 
            UPDATE pantry 
            SET amount = amount - ? 
            WHERE uid = ? 
            AND ingredient_id = (SELECT ingredient_id FROM items WHERE ingredient_name = ?)
             | Params: (1, 1, 'baking powder')
2025-12-17 08:45:28 | SQL_TRACE | Query: 
            UPDATE pantry 
            SET amount = amount - ? 
            WHERE uid = ? 
            AND ingredient_id = (SELECT ingredient_id FROM items WHERE ingredient_name = ?)
             | Params: (1, 1, 'butter')
2025-12-17 08:45:28 | SQL_TRACE | Query: 
            UPDATE pantry 
            SET amount = amount - ? 
            WHERE uid = ? 
            AND ingredient_id = (SELECT ingredient_id FROM items WHERE ingredient_name = ?)
             | Params: (1, 1, 'eggs')
2025-12-17 08:45:28 | SQL_TRACE | Query: 
            UPDATE pantry 
            SET amount = amount - ? 
            WHERE uid = ? 
            AND ingredient_id = (SELECT ingredient_id FROM items WHERE ingredient_name = ?)
             | Params: (60, 1, 'flour')
2025-12-17 08:45:28 | SQL_TRACE | Query: 
            UPDATE pantry 
            SET amount = amount - ? 
            WHERE uid = ? 
            AND ingredient_id = (SELECT ingredient_id FROM items WHERE ingredient_name = ?)
             | Params: (100, 1, 'milk')
2025-12-17 08:45:28 | SQL_TRACE | Query: 
            UPDATE pantry 
            SET amount = amount - ? 
            WHERE uid = ? 
            AND ingredient_id = (SELECT ingredient_id FROM items WHERE ingredient_name = ?)
             | Params: (1, 1, 'sugar')
2025-12-17 10:00:00 | SQL_TRACE | Query: SELECT ingredient_id FROM items WHERE ingredient_name = ? | Params: ('mushrooms',)
2025-12-17 10:00:00 | SQL_TRACE | Query: SELECT ingredient_id FROM items WHERE ingredient_name = ? | Params: ('mushrooms',)
2025-12-17 10:00:00 | SQL_TRACE | Query: INSERT INTO items (ingredient_name) VALUES (?) | Params: ('mushrooms',)
2025-12-17 10:00:00 | SQL_TRACE | Query: SELECT ingredient_id FROM items WHERE ingredient_name = ? | Params: ('mushrooms',)
2025-12-17 10:00:00 | SQL_TRACE | Query: SELECT ingredient_id FROM items WHERE ingredient_name = ? | Params: ('heavy cream',)
2025-12-17 10:00:00 | SQL_TRACE | Query: SELECT ingredient_id FROM items WHERE ingredient_name = ? | Params: ('onion',)
2025-12-17 10:00:00 | SQL_TRACE | Query: INSERT INTO recipe (recipe_name, description, recipe_creator, time_needed) VALUES (?,?,?,?) | Params: ('mushroom stew', 'Ein deftiger Eintopf für kalte Tage.', 1, 45)
2025-12-17 10:00:00 | SQL_TRACE | Query: INSERT INTO recipe_ingredients (recipe_id, ingredient_id, needed) VALUES (?,?,?) | Params: (5, 131, 500)
2025-12-17 10:00:00 | SQL_TRACE | Query: INSERT INTO recipe_ingredients (recipe_id, ingredient_id, needed) VALUES (?,?,?) | Params: (5, 58, 200)
2025-12-17 10:00:00 | SQL_TRACE | Query: INSERT INTO recipe_ingredients (recipe_id, ingredient_id, needed) VALUES (?,?,?) | Params: (5, 78, 1)
2025-12-17 10:00:00 | SQL_TRACE | Query: INSERT INTO recipe_steps (recipe_id, step_number, instruction) VALUES (?,?,?) | Params: (5, 1, 'slice the vegetables')
2025-12-17 10:00:00 | SQL_TRACE | Query: INSERT INTO recipe_steps (recipe_id, step_number, instruction) VALUES (?,?,?) | Params: (5, 2, 'sauté onions and mushrooms')
2025-12-17 10:00:00 | SQL_TRACE | Query: INSERT INTO recipe_steps (recipe_id, step_number, instruction) VALUES (?,?,?) | Params: (5, 3, 'add cream and simmer')
